{"contracts/NftMarketPlace.sol":{"l":{"33":1,"34":1,"35":0,"37":1,"41":1,"42":1,"43":1,"44":0,"46":1,"50":1,"51":1,"52":0,"54":1,"66":1,"67":0,"70":1,"71":1,"72":0,"74":1,"75":1,"80":1,"81":1,"82":0,"84":1,"85":1,"86":1,"88":1,"92":0,"93":0,"97":0,"98":0,"102":0,"103":0,"104":0,"106":0,"107":0,"108":0,"109":0,"114":0,"118":1},"path":"/home/420.801.K7/Projects/NextJs-NFT-Marketplace/contracts/NftMarketPlace.sol","s":{"1":1,"2":1,"3":1,"4":1,"5":1,"6":1,"7":1,"8":1,"9":1,"10":1,"11":1,"12":1,"13":1,"14":1,"15":1,"16":0,"17":0,"18":0,"19":0,"20":0,"21":0,"22":0,"23":1},"b":{"1":[0,1],"2":[0,1],"3":[0,1],"4":[1,0],"5":[1,0],"6":[0,1],"7":[0,1],"8":[1,0],"9":[1,0],"10":[0,1],"11":[0,0],"12":[0,0],"13":[0,0],"14":[0,0],"15":[0,0],"16":[0,0]},"f":{"1":1,"2":1,"3":1,"4":1,"5":1,"6":0,"7":0,"8":0,"9":0,"10":1},"fnMap":{"1":{"name":"notListed","line":32,"loc":{"start":{"line":32,"column":4},"end":{"line":38,"column":4}}},"2":{"name":"isOwner","line":40,"loc":{"start":{"line":40,"column":4},"end":{"line":47,"column":4}}},"3":{"name":"isListed","line":49,"loc":{"start":{"line":49,"column":4},"end":{"line":55,"column":4}}},"4":{"name":"listItem","line":65,"loc":{"start":{"line":65,"column":4},"end":{"line":76,"column":4}}},"5":{"name":"buyItem","line":79,"loc":{"start":{"line":79,"column":4},"end":{"line":89,"column":4}}},"6":{"name":"cancelListing","line":91,"loc":{"start":{"line":91,"column":4},"end":{"line":94,"column":4}}},"7":{"name":"updateListing","line":96,"loc":{"start":{"line":96,"column":4},"end":{"line":99,"column":4}}},"8":{"name":"withdrawProceeds","line":101,"loc":{"start":{"line":101,"column":4},"end":{"line":111,"column":4}}},"9":{"name":"getListing","line":113,"loc":{"start":{"line":113,"column":4},"end":{"line":115,"column":4}}},"10":{"name":"getProceeds","line":117,"loc":{"start":{"line":117,"column":4},"end":{"line":119,"column":4}}}},"statementMap":{"1":{"start":{"line":33,"column":8},"end":{"line":33,"column":63}},"2":{"start":{"line":34,"column":8},"end":{"line":34,"column":1434}},"3":{"start":{"line":41,"column":8},"end":{"line":41,"column":41}},"4":{"start":{"line":42,"column":8},"end":{"line":42,"column":44}},"5":{"start":{"line":43,"column":8},"end":{"line":43,"column":1730}},"6":{"start":{"line":50,"column":8},"end":{"line":50,"column":63}},"7":{"start":{"line":51,"column":8},"end":{"line":51,"column":1965}},"8":{"start":{"line":66,"column":8},"end":{"line":66,"column":2482}},"9":{"start":{"line":70,"column":8},"end":{"line":70,"column":41}},"10":{"start":{"line":71,"column":8},"end":{"line":71,"column":2619}},"11":{"start":{"line":75,"column":8},"end":{"line":75,"column":63}},"12":{"start":{"line":80,"column":8},"end":{"line":80,"column":66}},"13":{"start":{"line":81,"column":8},"end":{"line":81,"column":3078}},"14":{"start":{"line":86,"column":8},"end":{"line":86,"column":83}},"15":{"start":{"line":88,"column":8},"end":{"line":88,"column":74}},"16":{"start":{"line":93,"column":8},"end":{"line":93,"column":58}},"17":{"start":{"line":98,"column":8},"end":{"line":98,"column":66}},"18":{"start":{"line":102,"column":8},"end":{"line":102,"column":49}},"19":{"start":{"line":103,"column":8},"end":{"line":103,"column":4170}},"20":{"start":{"line":107,"column":8},"end":{"line":107,"column":72}},"21":{"start":{"line":108,"column":8},"end":{"line":108,"column":4367}},"22":{"start":{"line":114,"column":8},"end":{"line":114,"column":45}},"23":{"start":{"line":118,"column":8},"end":{"line":118,"column":33}}},"branchMap":{"1":{"line":34,"type":"if","locations":[{"start":{"line":34,"column":8},"end":{"line":34,"column":8}},{"start":{"line":34,"column":8},"end":{"line":34,"column":8}}]},"2":{"line":43,"type":"if","locations":[{"start":{"line":43,"column":8},"end":{"line":43,"column":8}},{"start":{"line":43,"column":8},"end":{"line":43,"column":8}}]},"3":{"line":51,"type":"if","locations":[{"start":{"line":51,"column":8},"end":{"line":51,"column":8}},{"start":{"line":51,"column":8},"end":{"line":51,"column":8}}]},"4":{"line":65,"type":"if","locations":[{"start":{"line":65,"column":83},"end":{"line":65,"column":83}},{"start":{"line":65,"column":83},"end":{"line":65,"column":83}}]},"5":{"line":65,"type":"if","locations":[{"start":{"line":65,"column":126},"end":{"line":65,"column":126}},{"start":{"line":65,"column":126},"end":{"line":65,"column":126}}]},"6":{"line":66,"type":"if","locations":[{"start":{"line":66,"column":8},"end":{"line":66,"column":8}},{"start":{"line":66,"column":8},"end":{"line":66,"column":8}}]},"7":{"line":71,"type":"if","locations":[{"start":{"line":71,"column":8},"end":{"line":71,"column":8}},{"start":{"line":71,"column":8},"end":{"line":71,"column":8}}]},"8":{"line":79,"type":"if","locations":[{"start":{"line":79,"column":75},"end":{"line":79,"column":75}},{"start":{"line":79,"column":75},"end":{"line":79,"column":75}}]},"9":{"line":79,"type":"if","locations":[{"start":{"line":79,"column":105},"end":{"line":79,"column":105}},{"start":{"line":79,"column":105},"end":{"line":79,"column":105}}]},"10":{"line":81,"type":"if","locations":[{"start":{"line":81,"column":8},"end":{"line":81,"column":8}},{"start":{"line":81,"column":8},"end":{"line":81,"column":8}}]},"11":{"line":91,"type":"if","locations":[{"start":{"line":91,"column":73},"end":{"line":91,"column":73}},{"start":{"line":91,"column":73},"end":{"line":91,"column":73}}]},"12":{"line":91,"type":"if","locations":[{"start":{"line":91,"column":114},"end":{"line":91,"column":114}},{"start":{"line":91,"column":114},"end":{"line":91,"column":114}}]},"13":{"line":96,"type":"if","locations":[{"start":{"line":96,"column":91},"end":{"line":96,"column":91}},{"start":{"line":96,"column":91},"end":{"line":96,"column":91}}]},"14":{"line":96,"type":"if","locations":[{"start":{"line":96,"column":121},"end":{"line":96,"column":121}},{"start":{"line":96,"column":121},"end":{"line":96,"column":121}}]},"15":{"line":103,"type":"if","locations":[{"start":{"line":103,"column":8},"end":{"line":103,"column":8}},{"start":{"line":103,"column":8},"end":{"line":103,"column":8}}]},"16":{"line":108,"type":"if","locations":[{"start":{"line":108,"column":8},"end":{"line":108,"column":8}},{"start":{"line":108,"column":8},"end":{"line":108,"column":8}}]}}},"contracts/test/basicNft.sol":{"l":{"13":3,"17":1,"18":1,"23":0,"27":0},"path":"/home/420.801.K7/Projects/NextJs-NFT-Marketplace/contracts/test/basicNft.sol","s":{"1":1,"2":0,"3":0},"b":{},"f":{"1":3,"2":1,"3":0,"4":0},"fnMap":{"1":{"name":"constructor","line":12,"loc":{"start":{"line":12,"column":4},"end":{"line":14,"column":4}}},"2":{"name":"mintNft","line":16,"loc":{"start":{"line":16,"column":4},"end":{"line":19,"column":4}}},"3":{"name":"tokenURI","line":21,"loc":{"start":{"line":21,"column":4},"end":{"line":24,"column":4}}},"4":{"name":"getTokenCounter","line":26,"loc":{"start":{"line":26,"column":4},"end":{"line":28,"column":4}}}},"statementMap":{"1":{"start":{"line":17,"column":8},"end":{"line":17,"column":44}},"2":{"start":{"line":23,"column":8},"end":{"line":23,"column":24}},"3":{"start":{"line":27,"column":8},"end":{"line":27,"column":29}}},"branchMap":{}}}