TN:
SF:/home/420.801.K7/Projects/NextJs-NFT-Marketplace/contracts/NftMarketPlace.sol
FN:32,notListed
FN:40,isOwner
FN:49,isListed
FN:65,listItem
FN:79,buyItem
FN:91,cancelListing
FN:96,updateListing
FN:101,withdrawProceeds
FN:113,getListing
FN:117,getProceeds
FNF:10
FNH:6
FNDA:1,notListed
FNDA:1,isOwner
FNDA:1,isListed
FNDA:1,listItem
FNDA:1,buyItem
FNDA:0,cancelListing
FNDA:0,updateListing
FNDA:0,withdrawProceeds
FNDA:0,getListing
FNDA:1,getProceeds
DA:33,1
DA:34,1
DA:35,0
DA:37,1
DA:41,1
DA:42,1
DA:43,1
DA:44,0
DA:46,1
DA:50,1
DA:51,1
DA:52,0
DA:54,1
DA:66,1
DA:67,0
DA:70,1
DA:71,1
DA:72,0
DA:74,1
DA:75,1
DA:80,1
DA:81,1
DA:82,0
DA:84,1
DA:85,1
DA:86,1
DA:88,1
DA:92,0
DA:93,0
DA:97,0
DA:98,0
DA:102,0
DA:103,0
DA:104,0
DA:106,0
DA:107,0
DA:108,0
DA:109,0
DA:114,0
DA:118,1
LF:40
LH:22
BRDA:34,1,0,0
BRDA:34,1,1,1
BRDA:43,2,0,0
BRDA:43,2,1,1
BRDA:51,3,0,0
BRDA:51,3,1,1
BRDA:65,4,0,1
BRDA:65,4,1,0
BRDA:65,5,0,1
BRDA:65,5,1,0
BRDA:66,6,0,0
BRDA:66,6,1,1
BRDA:71,7,0,0
BRDA:71,7,1,1
BRDA:79,8,0,1
BRDA:79,8,1,0
BRDA:79,9,0,1
BRDA:79,9,1,0
BRDA:81,10,0,0
BRDA:81,10,1,1
BRDA:91,11,0,0
BRDA:91,11,1,0
BRDA:91,12,0,0
BRDA:91,12,1,0
BRDA:96,13,0,0
BRDA:96,13,1,0
BRDA:96,14,0,0
BRDA:96,14,1,0
BRDA:103,15,0,0
BRDA:103,15,1,0
BRDA:108,16,0,0
BRDA:108,16,1,0
BRF:32
BRH:10
end_of_record
TN:
SF:/home/420.801.K7/Projects/NextJs-NFT-Marketplace/contracts/test/basicNft.sol
FN:12,constructor
FN:16,mintNft
FN:21,tokenURI
FN:26,getTokenCounter
FNF:4
FNH:2
FNDA:3,constructor
FNDA:1,mintNft
FNDA:0,tokenURI
FNDA:0,getTokenCounter
DA:13,3
DA:17,1
DA:18,1
DA:23,0
DA:27,0
LF:5
LH:3
BRF:0
BRH:0
end_of_record
